build/app/intermediates/proguard-rules/release/aapt_rules.txt
# Referenced at release\arm64-v8a\AndroidManifest.xml:23
-keep class androidx.core.app.CoreComponentFactory { <init>(); }
# Referenced at release\arm64-v8a\AndroidManifest.xml:28
-keep class co.appbrewery.flash_chat.MainActivity { <init>(); }
# Referenced at release\arm64-v8a\AndroidManifest.xml:87
-keep class com.google.android.gms.common.api.GoogleApiActivity { <init>(); }
# Referenced at release\arm64-v8a\AndroidManifest.xml:109
-keep class com.google.android.gms.measurement.AppMeasurementJobService { <init>(); }
# Referenced at release\arm64-v8a\AndroidManifest.xml:99
-keep class com.google.android.gms.measurement.AppMeasurementReceiver { <init>(); }
# Referenced at release\arm64-v8a\AndroidManifest.xml:105
-keep class com.google.android.gms.measurement.AppMeasurementService { <init>(); }
# Referenced at release\arm64-v8a\AndroidManifest.xml:80
-keep class com.google.firebase.auth.internal.FederatedSignInActivity { <init>(); }
# Referenced at release\arm64-v8a\AndroidManifest.xml:53
-keep class com.google.firebase.components.ComponentDiscoveryService { <init>(); }
# Referenced at release\arm64-v8a\AndroidManifest.xml:92
-keep class com.google.firebase.provider.FirebaseInitProvider { <init>(); }
# Referenced at release\arm64-v8a\AndroidManifest.xml:23
-keep class io.flutter.app.FlutterApplication { <init>(); }