build/app/outputs/mapping/release/mapping.txt
# compiler: R8
# compiler_version: 1.5.69
# min_api: 23
# pg_map_id: 781a265
...
io.grpc.util.RoundRobinLoadBalancer$1 -> c.b.o1.a$a:
    io.grpc.util.RoundRobinLoadBalancer this$0 -> b
    io.grpc.LoadBalancer$Subchannel val$subchannel -> a
    void onSubchannelState(io.grpc.ConnectivityStateInfo) -> a
io.grpc.util.RoundRobinLoadBalancer$EmptyPicker -> c.b.o1.a$b:
    io.grpc.Status status -> a
    boolean isEquivalentTo(io.grpc.util.RoundRobinLoadBalancer$RoundRobinPicker) -> a
    io.grpc.LoadBalancer$PickResult pickSubchannel(io.grpc.LoadBalancer$PickSubchannelArgs) -> a
io.grpc.util.RoundRobinLoadBalancer$ReadyPicker -> c.b.o1.a$c:
    java.util.List list -> a
    java.util.concurrent.atomic.AtomicIntegerFieldUpdater indexUpdater -> c
    int index -> b
    boolean isEquivalentTo(io.grpc.util.RoundRobinLoadBalancer$RoundRobinPicker) -> a
    io.grpc.LoadBalancer$PickResult pickSubchannel(io.grpc.LoadBalancer$PickSubchannelArgs) -> a
    io.grpc.LoadBalancer$Subchannel nextSubchannel() -> b
io.grpc.util.RoundRobinLoadBalancer$Ref -> c.b.o1.a$d:
    java.lang.Object value -> a
io.grpc.util.RoundRobinLoadBalancer$RoundRobinPicker -> c.b.o1.a$e:
    boolean isEquivalentTo(io.grpc.util.RoundRobinLoadBalancer$RoundRobinPicker) -> a
io.grpc.util.SecretRoundRobinLoadBalancerProvider$Provider -> c.b.o1.b:
    java.lang.String getPolicyName() -> a
    io.grpc.LoadBalancer newLoadBalancer(io.grpc.LoadBalancer$Helper) -> a
    io.grpc.NameResolver$ConfigOrError parseLoadBalancingPolicyConfig(java.util.Map) -> a
    int getPriority() -> b
    boolean isAvailable() -> c
io.perfmark.Impl -> c.c.a:
    io.perfmark.Tag NO_TAG -> a
    io.perfmark.Link NO_LINK -> b
    io.perfmark.Tag createTag(java.lang.String,long) -> a
    void event(java.lang.String,io.perfmark.Tag) -> a
    void linkIn(io.perfmark.Link) -> a
    io.perfmark.Link linkOut() -> a
    void startTask(java.lang.String) -> a
    void startTask(java.lang.String,io.perfmark.Tag) -> b
    void stopTask(java.lang.String) -> b
    void stopTask(java.lang.String,io.perfmark.Tag) -> c
io.perfmark.Link -> c.c.b:
io.perfmark.PerfMark -> c.c.c:
    io.perfmark.Impl impl -> a
    io.perfmark.Tag createTag(java.lang.String) -> a
    io.perfmark.Tag createTag(java.lang.String,long) -> a
    void event(java.lang.String,io.perfmark.Tag) -> a
    void linkIn(io.perfmark.Link) -> a
    io.perfmark.Link linkOut() -> a
    void startTask(java.lang.String) -> b
    void startTask(java.lang.String,io.perfmark.Tag) -> b
    void stopTask(java.lang.String) -> c
    void stopTask(java.lang.String,io.perfmark.Tag) -> c
io.perfmark.Tag -> c.c.d:
okio.AsyncTimeout -> d.a:
    long timeoutAt -> f
    long IDLE_TIMEOUT_NANOS -> h
    long IDLE_TIMEOUT_MILLIS -> g
    okio.AsyncTimeout next -> e
    okio.AsyncTimeout head -> i
    boolean inQueue -> d
    boolean cancelScheduledTimeout(okio.AsyncTimeout) -> a
    java.io.IOException exit(java.io.IOException) -> a
    void exit(boolean) -> a
    long remainingNanos(long) -> a
    void scheduleTimeout(okio.AsyncTimeout,long,boolean) -> a
    okio.Sink sink(okio.Sink) -> a
    okio.Source source(okio.Source) -> a
    java.io.IOException newTimeoutException(java.io.IOException) -> b
    void enter() -> e
    boolean exit() -> f
    void timedOut() -> g
    okio.AsyncTimeout awaitTimeout() -> h
okio.AsyncTimeout$1 -> d.a$a:
    okio.AsyncTimeout this$0 -> b
    okio.Sink val$sink -> a
    void write(okio.Buffer,long) -> a
okio.AsyncTimeout$2 -> d.a$b:
    okio.Source val$source -> a
    okio.AsyncTimeout this$0 -> b
    long read(okio.Buffer,long) -> b
okio.AsyncTimeout$Watchdog -> d.a$c:
okio.Base64 -> d.b:
    byte[] MAP -> a
    java.lang.String encode(byte[]) -> a
    java.lang.String encode(byte[],byte[]) -> a